1 1 13
2 1 20
3 1 13
4 1 20
5 1 20
6 1 20
7 1 20
8 1 20
9 1 20
10 1 20
11 1 20
12 1 20
13 1 20
14 1 20
15 1 20
16 1 20
17 1 20
18 1 20
19 1 20
20 1 20
21 1 20
22 1 20
23 1 13
24 1 20
25 1 20
26 1 20
27 1 20
28 1 13
29 1 20
30 1 20
31 1 20
32 1 20
33 1 20
34 1 20
35 1 20
36 1 20
37 1 20
38 1 20
39 1 20
40 1 17
41 1 20
42 1 20
43 1 20
44 1 20
45 1 20
46 1 13
47 1 20
48 1 20
49 1 20
50 1 20
51 1 17
52 1 20
53 1 20
54 1 20
55 1 20
56 1 20
57 1 13
58 1 20
59 1 20
60 1 20
61 1 20
62 1 20
63 1 20
64 1 20
65 1 20
66 1 20
67 1 20
68 1 20
69 1 20
70 1 20
71 1 20
72 1 20
73 1 20
74 1 20
75 1 20
76 1 20
77 1 20
78 1 20
79 1 20
80 1 20
81 1 20
82 1 20
83 1 20
84 1 20
85 1 20
86 1 20
87 1 20
88 1 20
89 1 20
90 1 20
91 1 20
92 1 20
93 1 20
94 1 20
95 1 20
96 1 13
97 1 20
98 1 20
99 1 20
100 1 20
101 1 20
102 1 13
103 1 13
104 1 20
105 1 17
106 1 20
107 1 17
108 1 20
109 1 20
110 1 20
111 1 20
112 1 20
113 1 20
114 1 20
115 1 20
116 1 20
117 1 20
118 1 20
119 1 20
120 1 20
121 1 20
122 1 20
123 1 20
124 1 20
125 1 20
126 1 20
127 1 20
128 1 20
129 1 20
130 1 13
131 1 20
132 1 20
133 1 20
134 1 20
135 1 13
136 1 20
137 1 20
138 1 20
139 1 20
140 1 20
141 1 20
142 1 13
143 1 20
144 1 17
145 1 20
146 1 20
147 1 20
148 1 20
149 1 20
150 1 20
151 1 20
152 1 20
153 1 20
154 1 20
155 1 20
156 1 20
157 1 20
158 1 20
159 1 20
160 1 20
161 1 20
162 1 20
163 1 20
164 1 20
165 1 20
166 1 20
167 1 20
168 1 20
169 1 20
170 1 20
171 1 20
172 1 20
173 1 20
174 1 20
175 1 20
176 1 20
177 1 20
178 1 20
179 1 20
180 1 20
181 1 20
182 1 20
183 1 20
184 1 20
185 1 20
186 1 20
187 1 20
188 1 20
189 1 20
190 1 20
191 1 20
192 1 20
193 1 20
194 1 20
195 1 20
196 1 20
197 1 20
198 1 20
199 1 13
200 1 20
201 1 17
202 1 20
203 1 20
204 1 13
205 1 20
206 1 13
207 1 20
208 1 20
209 1 13
210 1 20
211 1 20
212 1 20
213 1 20
214 1 20
215 1 20
216 1 20
217 1 20
218 1 20
219 1 20
220 1 20
221 1 20
222 1 20
223 1 20
224 1 20
225 1 20
226 1 20
227 1 20
228 1 20
229 1 20
230 1 20
231 1 13
232 1 20
233 1 20
234 1 20
235 1 20
236 1 20
237 1 13
238 1 20
239 1 20
240 1 20
241 1 20
242 1 20
243 1 20
244 1 20
245 1 20
246 1 13
247 1 20
248 1 20
249 1 20
250 1 20
251 1 20
252 1 20
253 1 20
254 1 20
255 1 20
256 1 13
257 1 20
258 1 20
259 1 20
260 1 20
261 1 20
262 1 20
263 1 20
264 1 20
265 1 20
266 1 20
267 1 20
268 1 20
269 1 20
270 1 20
271 1 20
272 1 20
273 1 17
274 1 20
275 1 13
276 1 20
277 1 20
278 1 20
279 1 20
280 1 20
281 1 20
282 1 20
283 1 20
284 1 20
285 1 20
286 1 20
287 1 20
288 1 20
289 1 20
290 1 20
291 1 20
292 1 20
293 1 20
294 1 20
295 1 20
296 1 20
297 1 20
298 1 20
299 1 13
300 1 13
301 1 20
302 1 17
303 1 20
304 1 20
305 1 13
306 1 20
307 1 20
308 1 20
309 1 20
310 1 20
311 1 20
312 1 20
313 1 20
314 1 13
315 1 20
316 1 20
317 1 20
318 1 20
319 1 20
320 1 20
321 1 20
322 1 20
323 1 20
324 1 20
325 1 20
326 1 20
327 1 20
328 1 20
329 1 20
330 1 21
331 1 21
349 1 20
350 1 20
351 1 20
358 1 20
359 1 20
360 1 20
361 1 20
362 1 20
363 1 20
364 1 20
365 1 20
366 1 20
367 1 20
368 1 20
369 1 20
370 1 20
371 1 20
372 1 20
373 1 20
374 1 20
375 1 20
376 1 20
377 1 20
378 1 20
379 1 20
380 1 13
381 1 20
382 1 20
383 1 20
384 1 20
385 1 20
386 1 20
387 1 20
388 1 20
389 1 20
390 1 20
391 1 20
392 1 20
393 1 20
394 1 20
395 1 20
396 1 20
397 1 20
398 1 20
399 1 20
400 1 20
401 1 20
402 1 20
403 1 20
404 1 20
405 1 20
406 1 20
407 1 20
408 1 20
409 1 20
410 1 20
411 1 20
412 1 20
413 1 20
414 1 20
415 1 17
416 1 20
417 1 20
418 1 20
419 1 20
420 1 20
421 1 20
422 1 20
423 1 20
424 1 20
425 1 20
426 1 20
427 1 20
428 1 20
429 1 20
430 1 20
431 1 20
432 1 20
433 1 20
434 1 20
435 1 20
436 1 20
437 1 20
438 1 20
439 1 20
440 1 20
441 1 20
442 1 20
443 1 20
444 1 20
445 1 20
446 1 20
447 1 20
448 1 20
449 1 20
450 1 20
451 1 20
452 1 20
453 1 20
454 1 20
455 1 20
456 1 20
457 1 20
458 1 20
459 1 20
460 1 20
461 1 20
462 1 20
463 1 20
464 1 20
465 1 20
466 1 20
467 1 20
468 1 20
469 1 20
470 1 20
471 1 20
472 1 20
473 1 20
474 1 13
475 1 20
476 1 20
477 1 20
478 1 20
479 1 13
480 1 13
481 1 17
482 1 20
483 1 20
484 1 20
485 1 13
486 1 20
487 1 20
488 1 20
489 1 17
490 1 20
491 1 13
492 1 20
493 1 20
494 1 20
495 1 20
496 1 20
497 1 20
498 1 20
499 1 20
500 1 20
501 1 20
502 1 20
503 1 20
504 1 20
505 1 20
506 1 20
507 1 20
508 1 20
509 1 20
510 1 20
511 1 20
512 1 13
513 1 20
514 1 20
515 1 20
516 1 20
517 1 17
518 1 20
519 1 13
520 1 20
521 1 20
522 1 20
523 1 20
524 1 20
525 1 20
526 1 17
527 1 20
528 1 20
529 1 20
530 1 20
531 1 20
532 1 20
533 1 20
534 1 20
535 1 20
536 1 20
537 1 20
538 1 20
539 1 20
540 1 20
541 1 20
542 1 20
543 1 20
544 1 20
545 1 20
546 1 20
547 1 20
548 1 20
549 1 20
550 1 20
551 1 20
552 1 20
553 1 20
554 1 20
555 1 20
556 1 20
557 1 20
558 1 20
559 1 20
560 1 20
561 1 20
562 1 20
563 1 20
564 1 20
565 1 20
566 1 20
567 1 20
568 1 13
569 1 20
570 1 20
571 1 17
572 1 20
573 1 20
574 1 20
575 1 13
576 1 20
577 1 20
578 1 20
579 1 20
580 1 20
581 1 20
582 1 20
583 1 20
584 1 20
585 1 20
586 1 20
587 1 20
588 1 20
589 1 20
590 1 13
591 1 20
592 1 20
593 1 17
594 1 20
595 1 20
596 1 20
597 1 20
598 1 13
599 1 13
600 1 20
601 1 20
602 1 20
603 1 20
604 1 13
605 1 20
606 1 20
607 1 20
608 1 20
609 1 17
610 1 20
611 1 20
612 1 20
613 1 20
614 1 20
615 1 20
616 1 20
617 1 20
618 1 20
619 1 20
620 1 20
621 1 20
622 1 20
623 1 20
624 1 20
625 1 20
626 1 20
627 1 20
628 1 13
629 1 20
630 1 20
631 1 20
632 1 20
633 1 13
634 1 20
635 1 20
636 1 20
637 1 20
638 1 13
639 1 20
640 1 20
641 1 20
642 1 20
643 1 20
644 1 20
645 1 20
646 1 20
647 1 20
648 1 20
649 1 20
650 1 20
651 1 20
652 1 20
653 1 20
654 1 20
655 1 20
656 1 20
657 1 13
658 1 20
659 1 17
660 1 20
661 1 20
662 1 17
663 1 20
664 1 20
665 1 20
666 1 20
667 1 20
668 1 20
669 1 20
670 1 20
671 1 20
672 1 20
673 1 20
674 1 20
675 1 20
676 1 20
677 1 20
678 1 20
679 1 20
680 1 20
681 1 20
682 1 20
683 1 20
684 1 20
685 1 20
686 1 20
687 1 20
688 1 20
689 1 20
690 1 20
691 1 20
692 1 20
693 1 20
694 1 20
695 1 20
696 1 20
697 1 20
698 1 20
699 1 17
700 1 20
701 1 13
702 1 13
703 1 20
704 1 20
705 1 20
706 1 20
707 1 20
708 1 20
709 1 20
710 1 20
711 1 20
712 1 20
713 1 20
714 1 20
715 1 20
716 1 20
717 1 20
718 1 20
719 1 20
720 1 20
721 1 20
722 1 13
723 1 20
724 1 20
725 1 20
726 1 20
727 1 20
728 1 20
729 1 20
730 1 20
731 1 20
732 1 20
733 1 20
734 1 20
735 1 20
736 1 20
737 1 13
738 1 20
739 1 20
740 1 20
741 1 20
742 1 13
743 1 20
744 1 20
745 1 20
746 1 20
747 1 20
748 1 20
749 1 20
750 1 20
751 1 20
752 1 20
753 1 20
754 1 20
755 1 20
756 1 20
757 1 20
758 1 20
759 1 20
760 1 20
761 1 20
762 1 20
763 1 20
764 1 20
765 1 20
766 1 20
767 1 20
768 1 20
769 1 20
770 1 20
771 1 13
772 1 20
773 1 13
774 1 20
775 1 20
776 1 20
777 1 20
778 1 13
779 1 20
780 1 20
781 1 20
782 1 20
783 1 13
784 1 20
785 1 20
786 1 20
787 1 20
788 1 13
789 1 20
790 1 20
791 1 20
792 1 20
793 1 20
794 1 20
795 1 20
796 1 20
797 1 20
798 1 20
799 1 20
800 1 20
801 1 20
802 1 20
803 1 20
804 1 13
805 1 20
806 1 20
807 1 20
808 1 20
809 1 20
810 1 20
811 1 20
812 1 20
813 1 20
814 1 20
815 1 20
816 1 20
817 1 20
818 1 20
819 1 20
820 1 20
821 1 20
822 1 20
823 1 20
824 1 20
825 1 20
826 1 20
827 1 20
828 1 20
829 1 20
830 1 20
831 1 20
832 1 20
833 1 20
834 1 20
835 1 20
836 1 20
837 1 20
838 1 20
839 1 20
840 1 20
841 1 20
842 1 20
843 1 20
844 1 20
845 1 20
846 1 20
847 1 20
848 1 20
849 1 20
850 1 20
851 1 20
852 1 20
853 1 20
854 1 20
855 1 20
856 1 20
857 1 20
858 1 20
859 1 20
860 1 20
861 1 20
862 1 20
863 1 20
864 1 20
865 1 20
866 1 20
867 1 20
868 1 20
869 1 20
870 1 20
871 1 20
872 1 20
873 1 20
874 1 20
875 1 20
876 1 20
877 1 20
878 1 20
879 1 20
880 1 17
881 1 20
882 1 20
883 1 20
884 1 20
885 1 20
886 1 20
887 1 20
888 1 20
889 1 20
890 1 13
891 1 20
892 1 20
893 1 20
894 1 20
895 1 17
897 1 20
898 1 20
899 1 20
900 1 20
901 1 20
902 1 20
903 1 20
904 1 20
905 1 20
906 1 20
907 1 20
908 1 20
909 1 20
910 1 13
911 1 20
912 1 20
913 1 20
914 1 20
915 1 20
916 1 20
917 1 20
918 1 20
919 1 13
920 1 13
921 1 20
922 1 20
923 1 20
924 1 17
925 1 20
926 1 20
927 1 20
928 1 20
929 1 20
930 1 20
931 1 20
932 1 20
933 1 20
934 1 20
935 1 20
936 1 20
937 1 17
938 1 20
939 1 20
940 1 20
941 1 20
942 1 20
943 1 13
944 1 20
945 1 20
946 1 20
947 1 20
948 1 20
949 1 20
950 1 20
951 1 20
952 1 20
953 1 20
954 1 20
955 1 20
956 1 20
957 1 20
958 1 20
959 1 20
960 1 20
961 1 20
962 1 20
963 1 20
964 1 20
965 1 20
966 1 20
967 1 20
968 1 20
969 1 20
970 1 20
971 1 20
972 1 20
973 1 20
974 1 20
975 1 20
976 1 20
977 1 20
978 1 20
979 1 20
980 1 20
981 1 20
982 1 20
983 1 20
984 1 20
985 1 20
986 1 20
987 1 20
988 1 20
989 1 20
990 1 20
991 1 20
992 1 13
993 1 20
994 1 13
995 1 20
996 1 20
997 1 13
998 1 20
999 1 7