0 1 30
1 1 3
2 1 13
3 1 30
4 1 0
5 1 13
6 1 4
7 1 30
8 1 4
9 1 13
10 1 4
12 1 1
13 1 35
14 1 6
16 1 0
18 1 2
21 1 2
22 1 4
23 1 7
24 1 5
25 1 30
26 1 0
27 1 10
28 1 2
29 1 30
30 1 30
31 1 30
32 1 30
33 1 13
34 1 13
35 1 13
36 1 13
37 1 7
40 1 0
41 1 13
42 1 2
43 1 0
45 1 35
46 1 10
47 1 10
48 1 2
50 1 4
53 1 7
54 1 4
55 1 35
56 1 13
57 1 13
58 1 4
59 1 13
60 1 13
61 1 4
62 1 1
64 1 10
65 1 2
66 1 2
67 1 13
68 1 13
69 1 2
70 1 36
72 1 25
74 1 1
76 1 4
77 1 5
78 1 1
80 1 13
81 1 1
82 1 13
83 1 0
84 1 0
85 1 4
86 1 1
87 1 13
88 1 6
89 1 10
90 1 35
91 1 13
92 1 13
93 1 2
94 1 25
96 1 0
97 1 6
98 1 2
99 1 13
100 1 36
101 1 7
102 1 30
103 1 4
104 1 36
105 1 1
106 1 5
107 1 0
109 1 6
110 1 13
111 1 13
112 1 10
113 1 13
114 1 10
115 1 4
116 1 25
120 1 5
121 1 1
122 1 1
123 1 13
124 1 13
125 1 4
126 1 5
127 1 7
128 1 5
129 1 25
130 1 2
131 1 0
133 1 4
134 1 2
135 1 0
136 1 5
137 1 25
138 1 0
139 1 6
140 1 2
141 1 25
142 1 30
143 1 30
144 1 13
145 1 30
146 1 36
147 1 13
148 1 4
149 1 4
150 1 7
151 1 35
152 1 35
153 1 4
154 1 1
155 1 6
156 1 13
157 1 30
158 1 13
159 1 4
160 1 5
161 1 1
162 1 13
163 1 35
165 1 1
166 1 13
167 1 6
168 1 6
169 1 7
171 1 2
172 1 5
174 1 6
175 1 5
176 1 0
177 1 4
178 1 13
179 1 13
180 1 34
182 1 0
183 1 10
184 1 1
185 1 0
186 1 30
187 1 30
188 1 13
189 1 6
190 1 30
191 1 4
192 1 13
193 1 35
194 1 26
195 1 0
197 1 2
198 1 13
199 1 13
200 1 13
201 1 5
202 1 4
203 1 2
204 1 2
205 1 1
206 1 1
207 1 7
208 1 1
209 1 0
212 1 5
213 1 5
214 1 0
216 1 6
217 1 0
218 1 2
219 1 35
220 1 30
221 1 4
222 1 13
223 1 5
224 1 4
225 1 2
226 1 5
227 1 30
228 1 13
229 1 13
230 1 10
231 1 13
232 1 13
233 1 1
234 1 0
235 1 2
236 1 6
237 1 34
238 1 7
239 1 35
240 1 2
241 1 30
242 1 25
243 1 4
244 1 5
245 1 2
246 1 5
247 1 25
248 1 1
249 1 6
250 1 13
251 1 5
252 1 2
253 1 0
254 1 35
255 1 0
256 1 2
257 1 0
259 1 2
260 1 35
261 1 34
262 1 13
263 1 30
264 1 36
265 1 4
266 1 30
267 1 2
268 1 13
269 1 30
271 1 34
272 1 34
273 1 13
274 1 6
276 1 25
277 1 0
278 1 1
279 1 7
280 1 13
281 1 1
282 1 6
283 1 1
284 1 5
285 1 0
286 1 2
288 1 4
289 1 34
290 1 30
291 1 13
292 1 1
293 1 30
294 1 4
295 1 2
296 1 4
297 1 5
298 1 13
299 1 6
300 1 13
301 1 13
302 1 5
303 1 0
304 1 0
306 1 0
307 1 0
308 1 1
309 1 0
311 1 2
312 1 4
315 1 35
316 1 7
317 1 4
318 1 5
320 1 1
321 1 30
322 1 13
323 1 30
324 1 30
325 1 13
326 1 30
327 1 4
328 1 13
329 1 36
330 1 1
331 1 0
332 1 10
335 1 7
336 1 7
337 1 35
338 1 7
339 1 7
340 1 0
341 1 5
342 1 4
343 1 35
344 1 1
345 1 35
346 1 7
347 1 2
348 1 4
349 1 6
350 1 13
351 1 3
352 1 13
353 1 4
354 1 0
356 1 4
357 1 13
358 1 13
359 1 13
360 1 2
361 1 0
362 1 2
363 1 4
364 1 1
366 1 1
368 1 6
369 1 4
370 1 0
373 1 7
374 1 5
375 1 7
377 1 4
378 1 0
379 1 30
380 1 30
381 1 13
382 1 30
383 1 4
384 1 13
385 1 5
386 1 0
387 1 2
388 1 2
389 1 1
390 1 13
391 1 13
392 1 13
393 1 10
394 1 4
395 1 6
396 1 1
398 1 5
399 1 1
400 1 2
401 1 6
402 1 1
403 1 30
404 1 0
405 1 0
406 1 1
408 1 4
409 1 7
410 1 30
411 1 13
412 1 13
413 1 13
414 1 13
415 1 36
416 1 10
417 1 0
418 1 4
419 1 6
421 1 2
422 1 10
423 1 13
424 1 2
426 1 0
428 1 0
429 1 5
430 1 4
431 1 1
432 1 0
433 1 13
434 1 30
435 1 34
436 1 13
437 1 10
438 1 0
439 1 35
440 1 5
442 1 25
443 1 5
445 1 0
446 1 13
447 1 30
448 1 10
449 1 13
450 1 0
451 1 6
452 1 7
453 1 4
454 1 13
455 1 13
456 1 0
457 1 13
458 1 5
459 1 35
460 1 10
461 1 1
462 1 4
463 1 1
464 1 10
465 1 1
466 1 5
467 1 0
470 1 0
471 1 13
472 1 0
473 1 25
474 1 0
475 1 4
476 1 13
477 1 13
478 1 4
479 1 35
480 1 1
481 1 4
482 1 13
483 1 2
484 1 7
486 1 6
487 1 35
488 1 13
489 1 36
490 1 1
491 1 6
492 1 0
493 1 2
494 1 4
495 1 13
496 1 13
497 1 34
499 1 0
500 1 13
501 1 13
502 1 5
504 1 13
505 1 0
506 1 25
507 1 1
508 1 10
509 1 7
510 1 6
511 1 0
513 1 7
514 1 13
515 1 6
516 1 0
517 1 1
518 1 1
519 1 0
520 1 7
521 1 2
522 1 34
523 1 3
524 1 30
525 1 13
527 1 4
531 1 6
533 1 35
534 1 10
535 1 36
537 1 34
538 1 2
539 1 0
540 1 13
542 1 35
543 1 30
544 1 4
545 1 13
546 1 13
547 1 13
548 1 10
549 1 2
550 1 5
551 1 1
552 1 4
553 1 13
554 1 2
555 1 13
556 1 7
557 1 0
558 1 2
562 1 0
563 1 2
564 1 1
565 1 4
566 1 13
567 1 4
568 1 35
569 1 0
572 1 0
573 1 13
574 1 13
575 1 13
576 1 3
577 1 4
578 1 4
580 1 1
581 1 2
582 1 0
583 1 13
584 1 5
585 1 0
586 1 5
587 1 7
588 1 0
589 1 4
590 1 1
591 1 1
592 1 13
593 1 13
594 1 1
595 1 10
596 1 2
597 1 13
599 1 5
600 1 30
601 1 5
602 1 5
603 1 25
604 1 30
605 1 30
606 1 13
607 1 2
608 1 36
610 1 2
611 1 1
613 1 1
614 1 1
615 1 13
616 1 4
617 1 30
618 1 4
619 1 13
620 1 10
621 1 0
622 1 1
623 1 13
624 1 4
625 1 6
626 1 13
627 1 0
628 1 13
629 1 13
630 1 10
631 1 4
632 1 4
633 1 2
634 1 1
635 1 10
636 1 1
637 1 13
638 1 1
639 1 4
642 1 13
644 1 5
645 1 7
646 1 0
647 1 1
648 1 2
649 1 30
650 1 30
651 1 13
652 1 13
653 1 4
654 1 1
655 1 0
656 1 0
657 1 1
658 1 5
659 1 2
660 1 35
661 1 30
662 1 30
663 1 13
664 1 6
665 1 2
666 1 1
668 1 1
669 1 5
670 1 2
671 1 6
672 1 13
673 1 25
674 1 30
675 1 30
676 1 13
677 1 10
678 1 13
679 1 2
680 1 1
681 1 4
682 1 34
683 1 2
684 1 6
686 1 35
687 1 30
688 1 13
689 1 30
690 1 13
691 1 0
692 1 6
693 1 25
694 1 35
695 1 0
696 1 5
697 1 35
698 1 2
699 1 25
700 1 13
701 1 25
702 1 7
703 1 1
705 1 2
706 1 2
707 1 4
709 1 0
710 1 13
711 1 30
712 1 4
713 1 5
714 1 2
715 1 0
716 1 5
717 1 13
718 1 4
719 1 2
720 1 5
721 1 13
722 1 6
723 1 5
724 1 2
725 1 1
727 1 6
728 1 0
729 1 1
730 1 13
731 1 2
732 1 0
733 1 1
734 1 13
735 1 4
736 1 25
737 1 13
738 1 4
739 1 0
740 1 13
741 1 13
742 1 7
743 1 0
744 1 6
745 1 0
746 1 0
747 1 6
748 1 5
749 1 25
750 1 0
751 1 1
752 1 4
753 1 5
754 1 35
755 1 0
757 1 6
758 1 13
759 1 30
760 1 13
761 1 0
762 1 13
763 1 1
764 1 0
765 1 6
766 1 13
767 1 26
768 1 1
769 1 4
770 1 13
771 1 13
772 1 0
773 1 6
774 1 0
775 1 5
776 1 1
777 1 4
778 1 1
780 1 0
781 1 6
782 1 6
783 1 0
784 1 0
786 1 6
787 1 1
788 1 0
789 1 2
790 1 30
791 1 22
792 1 35
793 1 34
794 1 30
795 1 30
796 1 13
797 1 30
798 1 25
799 1 13
800 1 13
802 1 1
804 1 7
805 1 2
806 1 1
807 1 4
809 1 2
810 1 10
811 1 6
815 1 13
816 1 4
817 1 1
818 1 10
819 1 13
820 1 34
821 1 13
822 1 30
823 1 13
824 1 13
825 1 10
827 1 0
828 1 2
830 1 1
831 1 7
832 1 2
833 1 13
834 1 1
835 1 1
836 1 25
837 1 6
838 1 1
839 1 2
840 1 0
841 1 0
842 1 13
843 1 13
844 1 30
845 1 36
846 1 25
847 1 7
848 1 5
849 1 7
850 1 6
851 1 3
852 1 10
853 1 25
854 1 13
855 1 0
856 1 25
857 1 0
858 1 0
859 1 13
860 1 4
861 1 6
862 1 0
863 1 0
864 1 34
865 1 4
866 1 4
867 1 13
868 1 13
869 1 0
870 1 34
871 1 6
872 1 34
873 1 2
874 1 13
875 1 13
876 1 10
877 1 2
880 1 1
881 1 0
883 1 5
884 1 0
885 1 2
886 1 0
887 1 30
888 1 30
889 1 35
890 1 2
892 1 4
893 1 6
895 1 1
896 1 13
897 1 0
898 1 4
899 1 30
900 1 13
901 1 30
902 1 13
903 1 13
904 1 13
905 1 2
906 1 0
908 1 2
909 1 1
910 1 5
911 1 1
912 1 5
913 1 36
914 1 7
915 1 6
916 1 4
917 1 2
918 1 25
921 1 5
922 1 1
923 1 2
924 1 13
925 1 13
926 1 4
927 1 30
928 1 30
930 1 35
931 1 0
932 1 13
933 1 13
934 1 30
935 1 13
936 1 2
937 1 5
939 1 35
941 1 4
942 1 1
944 1 1
945 1 7
947 1 1
948 1 34
949 1 4
950 1 4
951 1 6
952 1 4
956 1 13
957 1 13
958 1 30
959 1 0
960 1 30
961 1 13
962 1 4
963 1 30
964 1 1
965 1 13
966 1 36
967 1 1
968 1 7
969 1 4
970 1 35
971 1 2
973 1 2
974 1 13
975 1 13
976 1 0
977 1 2
978 1 0
980 1 1
981 1 5
983 1 1
984 1 30
985 1 30
986 1 13
987 1 13
988 1 10
991 1 2
992 1 5
993 1 5
994 1 1
995 1 2
996 1 13
997 1 7
998 1 35
999 1 30
1000 1 5
1001 1 0
1002 1 35
1004 1 25
1005 1 13
1006 1 30
1007 1 30
1008 1 7
1009 1 1
1010 1 1
1011 1 4
1012 1 5
1013 1 13
1014 1 4
1016 1 34
1018 1 4
1019 1 13
1020 1 4
1021 1 2
1022 1 13
1023 1 2
1024 1 2
1025 1 10
1027 1 13
1028 1 13
1029 1 10
1030 1 26
1031 1 13
1032 1 4
1033 1 4
1035 1 5
1036 1 0
1037 1 5
1038 1 13
1040 1 0
1041 1 10
1042 1 5
1043 1 0
1044 1 0
1046 1 0
1047 1 0
1048 1 0
1049 1 13
1050 1 6
1051 1 13
1054 1 6
1055 1 35
1057 1 13
1058 1 1
1060 1 4
1061 1 30
1062 1 13
1063 1 13
1064 1 5
1065 1 4
1067 1 1
1068 1 0
1069 1 2
1070 1 0
1073 1 4
1074 1 0
1075 1 0
1076 1 5
1078 1 1
1080 1 35
1081 1 25
1082 1 13
1083 1 30
1084 1 10
1085 1 13
1086 1 4
1087 1 4
1088 1 0
1089 1 13
1090 1 4
1091 1 0
1092 1 2
1093 1 13
1094 1 13
1095 1 0
1096 1 4
1097 1 2
1099 1 7
1100 1 5
1101 1 4
1103 1 5
1104 1 25
1106 1 4
1107 1 2
1108 1 10
1109 1 1
1110 1 35
1112 1 7
1113 1 13
1114 1 30
1115 1 30
1116 1 13
1117 1 13
1118 1 30
1119 1 13
1120 1 10
1121 1 36
1123 1 4
1124 1 2
1125 1 34
1126 1 2
1127 1 5
1129 1 7
1131 1 2
1132 1 10
1133 1 0
1134 1 10
1135 1 1
1137 1 4
1138 1 13
1139 1 13
1140 1 30
1141 1 13
1142 1 13
1143 1 10
1144 1 25
1145 1 7
1146 1 30
1147 1 13
1149 1 1
1150 1 2
1151 1 0
1152 1 10
1153 1 35
1154 1 13
1155 1 7
1156 1 5
1157 1 6
1158 1 34
1159 1 2
1160 1 13
1161 1 30
1162 1 4
1163 1 1
1164 1 4
1165 1 5
1166 1 1
1169 1 2
1170 1 0
1171 1 13
1172 1 30
1173 1 13
1174 1 4
1175 1 36
1176 1 2
1177 1 10
1178 1 0
1179 1 0
1180 1 7
1181 1 13
1182 1 30
1183 1 5
1184 1 6
1185 1 13
1186 1 4
1187 1 2
1188 1 34
1189 1 5
1190 1 4
1191 1 0
1192 1 13
1193 1 5
1194 1 4
1195 1 1
1196 1 13
1197 1 0
1198 1 7
1199 1 1
1200 1 0
1201 1 7
1203 1 2
1204 1 13
1206 1 13
1207 1 13
1208 1 13
1209 1 1
1210 1 13
1211 1 35
1212 1 4
1213 1 7
1214 1 0
1215 1 4
1216 1 7
1217 1 0
1218 1 0
1220 1 6
1222 1 1
1223 1 6
1224 1 6
1225 1 0
1226 1 13
1227 1 30
1228 1 30
1229 1 13
1230 1 30
1231 1 22
1232 1 30
1233 1 30
1234 1 35
1235 1 13
1236 1 36
1237 1 5
1238 1 5
1240 1 6
1241 1 2
1242 1 2
1243 1 2
1244 1 2
1245 1 1
1246 1 0
1247 1 2
1248 1 1
1249 1 0
1250 1 10
1251 1 0
1252 1 13
1253 1 13
1254 1 30
1255 1 26
1256 1 3
1257 1 5
1258 1 2
1259 1 2
1260 1 25
1261 1 0
1262 1 13
1263 1 13
1264 1 34
1265 1 13
1266 1 0
1267 1 13
1268 1 4
1269 1 1
1271 1 0
1272 1 10
1273 1 5
1275 1 13
1276 1 4
1277 1 10
1278 1 6
1279 1 2
1280 1 1
1281 1 10
1285 1 1
1286 1 13
1287 1 13
1288 1 30
1289 1 13
1290 1 0
1291 1 13
1292 1 1
1293 1 2
1294 1 2
1295 1 0
1296 1 5
1298 1 4
1299 1 13
1300 1 36
1301 1 4
1303 1 10
1304 1 1
1306 1 7
1307 1 1
1308 1 0
1309 1 35
1310 1 30
1311 1 13
1312 1 13
1313 1 30
1314 1 1
1315 1 6
1316 1 10
1317 1 13
1318 1 13
1319 1 13
1320 1 0
1321 1 2
1322 1 1
1323 1 1
1324 1 0
1325 1 13
1326 1 10
1327 1 25
1328 1 6
1329 1 1
1331 1 1
1332 1 2
1333 1 0
1334 1 4
1335 1 30
1336 1 30
1337 1 13
1338 1 13
1339 1 10
1342 1 1
1343 1 30
1344 1 10
1345 1 13
1347 1 0
1348 1 13
1349 1 30
1350 1 30
1351 1 4
1352 1 35
1353 1 0
1354 1 2
1355 1 1
1356 1 7
1357 1 30
1358 1 4
1359 1 5
1360 1 35
1362 1 6
1363 1 13
1364 1 30
1365 1 13
1367 1 1
1369 1 2
1370 1 13
1371 1 4
1372 1 10
1373 1 25
1374 1 2
1376 1 2
1377 1 35
1378 1 13
1379 1 0
1380 1 4
1381 1 2
1382 1 7
1383 1 0
1384 1 25
1385 1 30
1386 1 13
1387 1 30
1388 1 36
1389 1 30
1390 1 4
1391 1 30
1392 1 2
1393 1 13
1395 1 0
1396 1 1
1397 1 0
1398 1 13
1399 1 2
1400 1 0
1401 1 6
1402 1 1
1404 1 4
1405 1 4
1407 1 0
1408 1 2
1410 1 0
1412 1 13
1413 1 30
1414 1 13
1416 1 13
1417 1 10
1418 1 13
1419 1 1
1420 1 13
1421 1 25
1422 1 4
1423 1 5
1426 1 35
1427 1 4
1428 1 0
1429 1 2
1430 1 34
1431 1 25
1432 1 1
1433 1 2
1434 1 35
1435 1 35
1436 1 6
1437 1 13
1438 1 13
1439 1 13
1440 1 10
1441 1 4
1442 1 6
1443 1 0
1444 1 13
1445 1 0
1446 1 13
1447 1 13
1448 1 7
1450 1 4
1451 1 6
1452 1 1
1453 1 6
1455 1 0
1456 1 2
1457 1 5
1458 1 35
1459 1 1
1462 1 1
1463 1 5
1464 1 34
1465 1 1
1466 1 13
1467 1 13
1469 1 0
1470 1 1
1471 1 2
1472 1 35
1473 1 4
1474 1 13
1475 1 13
1476 1 30
1477 1 2
1478 1 6
1479 1 13
1480 1 13
1483 1 5
1484 1 35
1486 1 35
1487 1 2
1488 1 30
1489 1 36
1490 1 13
1491 1 13
1492 1 30
1493 1 7
1494 1 7
1495 1 7
1496 1 2
1497 1 10
1498 1 7
1499 1 0
1500 1 30
1501 1 13
1502 1 13
1504 1 25
1505 1 2
1506 1 1
1507 1 7
1508 1 35
1509 1 5
1510 1 10
1512 1 4
1513 1 36
1514 1 0
1515 1 22
1516 1 5
1517 1 0
1518 1 6
1519 1 20
1520 1 30
1521 1 30
1522 1 5
1523 1 30
1524 1 30
1525 1 13
1526 1 13
1527 1 30
1528 1 6
1529 1 10
1531 1 20
1532 1 2
1533 1 2
1534 1 30
1535 1 5
1536 1 20
1537 1 13
1538 1 6
1540 1 1
1541 1 2
1542 1 4
1543 1 1
1544 1 4
1545 1 35
1546 1 0
1547 1 30
1548 1 0
1549 1 30
1550 1 30
1551 1 4
1552 1 5
1553 1 25
1554 1 30
1555 1 13
1556 1 25
1558 1 13
1559 1 1
1560 1 0
1561 1 13
1562 1 13
1563 1 1
1564 1 10
1565 1 13
1566 1 10
1567 1 1
1570 1 4
1571 1 13
1572 1 13
1573 1 6
1574 1 7
1575 1 2
1576 1 6
1577 1 7
1578 1 25
1580 1 35
1582 1 30
1583 1 30
1584 1 5
1585 1 6
1586 1 5
1587 1 5
1588 1 13
1589 1 7
1590 1 4
1591 1 13
1592 1 10
1593 1 10
1594 1 13
1595 1 7
1597 1 2
1598 1 4
1599 1 0
1600 1 7
1601 1 4
1602 1 25
1603 1 35
1604 1 30
1605 1 4
1606 1 4
1607 1 13
1608 1 13
1609 1 13
1610 1 1
1611 1 5
1612 1 25
1614 1 7
1615 1 4
1616 1 0
1617 1 7
1618 1 0
1619 1 30
1621 1 25
1623 1 0
1624 1 10
1625 1 13
1626 1 0
1627 1 0
1628 1 4
1629 1 13
1630 1 13
1631 1 20
1632 1 6
1633 1 35
1634 1 25
1635 1 7
1636 1 2
1637 1 7
1638 1 6
1639 1 5
1640 1 13
1641 1 20
1642 1 1
1643 1 5
1644 1 7
1645 1 4
1646 1 25
1647 1 13
1648 1 13
1649 1 6
1650 1 2
1651 1 13
1652 1 5
1653 1 2
1654 1 2
1655 1 20
1656 1 10
1657 1 1
1658 1 20
1659 1 10
1660 1 35
1661 1 0
1662 1 25
1663 1 0
1664 1 13
1665 1 0
1666 1 25
1667 1 6
1668 1 13
1669 1 30
1670 1 7
1671 1 6
1672 1 30
1673 1 36
1674 1 13
1675 1 30
1676 1 36
1677 1 13
1678 1 13
1679 1 10
1680 1 0
1681 1 7
1682 1 0
1683 1 1
1684 1 7
1685 1 25
1686 1 0
1687 1 25
1689 1 10
1690 1 6
1691 1 35
1692 1 10
1693 1 4
1694 1 13
1695 1 7
1696 1 4
1697 1 35
1698 1 13
1699 1 5
1700 1 25
1701 1 13
1702 1 3
1703 1 35
1705 1 25
1706 1 0
1707 1 20
1708 1 13
1709 1 13
1710 1 10
1711 1 25
1712 1 20
1713 1 1
1714 1 10
1715 1 6
1716 1 6
1717 1 0
1718 1 13
1719 1 20
1720 1 13
1721 1 0
1722 1 2
1723 1 25
1724 1 25
1725 1 0
1726 1 5
1727 1 4
1728 1 30
1729 1 25
1730 1 25
1731 1 5
1732 1 0
1733 1 4
1734 1 1
1735 1 10
1736 1 13
1737 1 2
1738 1 1
1739 1 5
1740 1 13
1741 1 22
1742 1 35
1743 1 2
1744 1 7
1745 1 1
1746 1 25
1747 1 7
1748 1 4
1749 1 30
1750 1 25
1751 1 4
1752 1 30
1753 1 2
1754 1 20
1755 1 0
1756 1 30
1757 1 36
1758 1 2
1759 1 30
1760 1 25
1761 1 30
1762 1 20
1764 1 3
1765 1 13
1766 1 2
1768 1 5
1770 1 13
1771 1 13
1773 1 13
1774 1 20
1775 1 5
1776 1 6
1777 1 10
1779 1 2
1780 1 5
1781 1 0
1782 1 6
1783 1 30
1784 1 2
1785 1 7
1786 1 10
1787 1 7
1788 1 13
1789 1 5
1790 1 25
1791 1 1
1792 1 4
1793 1 20
1794 1 13
1795 1 25
1796 1 13
1797 1 20
1798 1 6
1799 1 5
1800 1 7
1801 1 7
1802 1 4
1803 1 13
1804 1 10
1805 1 25
1807 1 20
1808 1 25
1809 1 0
1810 1 6
1811 1 35
1812 1 13
1813 1 4
1814 1 4
1815 1 13
1816 1 20
1817 1 25
1818 1 4
1819 1 0
1820 1 13
1821 1 5
1822 1 1
1823 1 5
1824 1 6
1825 1 13
1826 1 30
1827 1 5
1829 1 7
1830 1 25
1831 1 5
1832 1 5
1834 1 5
1835 1 10
1836 1 4
1837 1 0
1838 1 4
1839 1 25
1840 1 6
1841 1 10
1842 1 20
1843 1 25
1844 1 5
1846 1 0
1847 1 30
1848 1 30
1849 1 0
1850 1 3
1851 1 3
1852 1 30
1853 1 4
1854 1 13
1856 1 35
1857 1 13
1858 1 4
1859 1 13
1860 1 36
1861 1 10
1862 1 5
1863 1 0
1864 1 2
1865 1 35
1867 1 6
1868 1 20
1869 1 13
1871 1 7
1872 1 35
1873 1 0
1874 1 1
1875 1 13
1877 1 2
1878 1 13
1879 1 30
1880 1 20
1881 1 2
1882 1 13
1883 1 13
1884 1 13
1885 1 20
1886 1 35
1887 1 4
1888 1 5
1889 1 6
1890 1 5
1891 1 4
1892 1 0
1893 1 35
1894 1 0
1895 1 4
1896 1 20
1897 1 20
1898 1 0
1899 1 25
1900 1 13
1901 1 4
1902 1 13
1903 1 13
1904 1 6
1905 1 13
1907 1 4
1908 1 10
1909 1 2
1910 1 7
1911 1 6
1912 1 5
1913 1 25
1914 1 36
1915 1 10
1916 1 0
1917 1 1
1918 1 2
1919 1 4
1921 1 1
1924 1 0
1925 1 25
1926 1 13
1927 1 30
1928 1 13
1929 1 30
1930 1 1
1931 1 30
1932 1 13
1933 1 30
1934 1 13
1935 1 1
1936 1 5
1937 1 2
1938 1 7
1939 1 5
1940 1 20
1942 1 13
1943 1 2
1944 1 1
1945 1 1
1946 1 25
1947 1 7
1948 1 2
1949 1 25
1950 1 25
1951 1 0
1952 1 13
1953 1 35
1954 1 20
1955 1 36
1956 1 2
1957 1 13
1958 1 1
1959 1 25
1960 1 13
1961 1 10
1962 1 7
1963 1 13
1964 1 13
1965 1 4
1966 1 25
1967 1 20
1968 1 35
1969 1 10
1970 1 1
1971 1 0
1972 1 20
1973 1 13
1974 1 10
1975 1 25
1976 1 20
1977 1 35
1978 1 10
1980 1 5
1981 1 13
1982 1 13
1983 1 13
1984 1 30
1985 1 1
1986 1 7
1987 1 25
1988 1 2
1989 1 10
1990 1 13
1991 1 35
1992 1 7
1993 1 1
1994 1 13
1996 1 6
1997 1 35
1998 1 0
1999 1 6
2000 1 6
2001 1 6
2002 1 2
2005 1 6
2006 1 30
2007 1 30
2008 1 2
2009 1 0
2010 1 13
2011 1 4
2012 1 30
2013 1 30
2014 1 7
2015 1 35
2016 1 25
2017 1 13
2018 1 30
2019 1 30
2020 1 4
2021 1 2
2022 1 7
2023 1 4
2024 1 0
2025 1 0
2026 1 13
2027 1 25
2028 1 0
2029 1 7
2032 1 10
2033 1 13
2034 1 13
2035 1 6
2037 1 25
2039 1 1
2040 1 10
2041 1 25
2042 1 35
2043 1 13
2044 1 10
2045 1 30
2046 1 13
2047 1 6
2048 1 4
2049 1 13
2050 1 5
2051 1 13
2052 1 35
2053 1 13
2054 1 35
2055 1 2
2056 1 25
2058 1 2
2059 1 4
2060 1 5
2061 1 20
2062 1 2
2063 1 1
2064 1 10
2065 1 13
2066 1 4
2067 1 2
2068 1 0
2069 1 2
2070 1 2
2071 1 20
2072 1 13
2073 1 35
2074 1 30
2075 1 30
2077 1 5
2078 1 10
2079 1 30
2080 1 13
2081 1 0
2082 1 3
2083 1 1
2084 1 4
2085 1 25
2086 1 35
2088 1 6
2089 1 2
2090 1 30
2091 1 22
2092 1 0
2094 1 4
2095 1 7
2096 1 1
2097 1 10
2098 1 6
2099 1 13
2100 1 30
2101 1 5
2102 1 2
2103 1 13
2104 1 13
2105 1 25
2106 1 4
2107 1 36
2108 1 13
2109 1 25
2112 1 6
2113 1 2
2114 1 13
2115 1 4
2116 1 20
2117 1 5
2118 1 13
2119 1 13
2120 1 4
2121 1 1
2122 1 4
2124 1 7
2125 1 35
2127 1 25
2128 1 0
2129 1 6
2130 1 0
2131 1 1
2132 1 35
2133 1 5
2134 1 35
2135 1 2
2136 1 13
2137 1 13
2138 1 25
2139 1 5
2140 1 1
2141 1 10
2142 1 6
2143 1 13
2144 1 13
2145 1 4
2146 1 30
2147 1 20
2148 1 1
2149 1 35
2150 1 25
2151 1 10
2152 1 0
2153 1 7
2154 1 13
2155 1 25
2156 1 5
2157 1 20
2158 1 25
2159 1 6
2160 1 0
2161 1 20
2162 1 13
2163 1 2
2164 1 1
2165 1 20
2166 1 2
2167 1 2
2168 1 4
2169 1 0
2170 1 2
2171 1 7
2172 1 30
2173 1 30
2174 1 13
2175 1 0
2176 1 26
2177 1 30
2178 1 13
2179 1 7
2180 1 30
2181 1 35
2182 1 5
2183 1 13
2184 1 4
2185 1 30
2186 1 6
2187 1 1
2188 1 20
2189 1 6
2190 1 1
2191 1 35
2192 1 2
2193 1 4
2195 1 4
2196 1 10
2197 1 0
2198 1 10
2200 1 13
2201 1 3
2202 1 35
2203 1 13
2204 1 20
2205 1 20
2206 1 0
2207 1 13
2208 1 30
2209 1 30
2210 1 4
2211 1 1
2212 1 7
2213 1 5
2214 1 35
2215 1 25
2216 1 10
2217 1 13
2219 1 0
2220 1 13
2221 1 30
2223 1 6
2224 1 10
2225 1 6
2227 1 20
2228 1 2
2229 1 35
2230 1 7
2231 1 25
2232 1 13
2233 1 13
2234 1 2
2235 1 4
2236 1 2
2237 1 4
2238 1 13
2239 1 4
2240 1 13
2241 1 20
2242 1 20
2243 1 6
2244 1 1
2245 1 7
2246 1 0
2247 1 6
2248 1 25
2249 1 7
2250 1 7
2251 1 30
2252 1 13
2253 1 1
2254 1 20
2255 1 5
2256 1 1
2257 1 35
2258 1 20
2259 1 6
2260 1 6
2261 1 4
2262 1 5
2263 1 13
2264 1 30
2265 1 0
2266 1 2
2267 1 10
2268 1 25
2269 1 2
2270 1 13
2271 1 30
2272 1 10
2273 1 2
2274 1 13
2275 1 13
2276 1 26
2277 1 13
2278 1 5
2279 1 13
2280 1 7
2281 1 0
2282 1 1
2283 1 20
2284 1 10
2285 1 36
2286 1 5
2287 1 1
2288 1 25
2289 1 6
2290 1 4
2291 1 25
2292 1 2
2293 1 5
2294 1 20
2295 1 1
2296 1 4
2297 1 5
2298 1 4
2299 1 6
2300 1 13
2301 1 13
2302 1 13
2303 1 35
2304 1 7
2305 1 0
2306 1 10
2307 1 25
2308 1 13
2309 1 13
2310 1 30
2311 1 13
2312 1 4
2314 1 2
2315 1 5
2316 1 4
2317 1 0
2318 1 1
2320 1 4
2321 1 10
2322 1 1
2324 1 13
2325 1 13
2326 1 5
2327 1 13
2329 1 20
2330 1 4
2331 1 6
2332 1 0
2333 1 7
2335 1 35
2336 1 13
2337 1 20
2338 1 20
2339 1 0
2340 1 7
2341 1 6
2342 1 1
2344 1 6
2345 1 30
2346 1 25
2347 1 20
2348 1 30
2349 1 30
2350 1 2
2351 1 30
2352 1 13
2353 1 13
2354 1 36
2355 1 4
2356 1 25
2357 1 4
2358 1 35
2359 1 4
2360 1 20
2361 1 35
2362 1 2
2363 1 5
2364 1 13
2365 1 2
2367 1 35
2368 1 36
2369 1 35
2371 1 25
2372 1 0
2373 1 7
2374 1 30
2375 1 5
2376 1 0
2377 1 13
2378 1 30
2379 1 0
2380 1 13
2381 1 7
2382 1 13
2383 1 25
2385 1 35
2386 1 5
2388 1 35
2389 1 20
2390 1 35
2391 1 20
2392 1 35
2393 1 25
2394 1 4
2395 1 25
2396 1 1
2397 1 10
2398 1 25
2399 1 0
2400 1 13
2401 1 30
2402 1 2
2403 1 13
2404 1 30
2405 1 10
2406 1 13
2407 1 13
2408 1 2
2409 1 36
2411 1 35
2412 1 25
2413 1 20
2414 1 35
2415 1 30
2416 1 13
2417 1 10
2418 1 10
2419 1 4
2421 1 2
2422 1 6
2423 1 20
2424 1 20
2425 1 4
2426 1 13
2427 1 30
2428 1 13
2429 1 6
2430 1 22
2431 1 4
2432 1 5
2433 1 2
2434 1 20
2435 1 13
2436 1 6
2437 1 35
2438 1 30
2439 1 13
2440 1 25
2441 1 5
2442 1 7
2444 1 35
2445 1 1
2446 1 20
2447 1 6
2448 1 4
2449 1 25
2450 1 13
2451 1 10
2452 1 5
2453 1 7
2454 1 20
2456 1 6
2457 1 6
2458 1 5
2459 1 30
2460 1 13
2461 1 4
2462 1 30
2463 1 1
2464 1 2
2465 1 30
2466 1 2
2467 1 20
2468 1 30
2469 1 20
2470 1 13
2471 1 5
2473 1 20
2474 1 25
2475 1 2
2476 1 4
2477 1 1
2478 1 25
2479 1 2
2481 1 35
2482 1 4
2483 1 4
2484 1 35
2485 1 6
2486 1 13
2488 1 25
2489 1 25
2490 1 13
2491 1 4
2492 1 30
2493 1 4
2494 1 5
2495 1 13
2496 1 35
2497 1 10
2498 1 20
2499 1 1
2500 1 1
2502 1 20
2503 1 2
2504 1 7
2505 1 13
2506 1 36
2507 1 13
2508 1 30
2509 1 36
2511 1 5
2512 1 4
2513 1 13
2514 1 30
2515 1 2
2516 1 10
2517 1 4
2518 1 6
2519 1 13
2520 1 2
2521 1 2
2522 1 1
2524 1 6
2526 1 4
2527 1 6
2529 1 13
2530 1 3
2531 1 4
2532 1 7
2533 1 6
2534 1 2
2535 1 7
2536 1 30
2537 1 13
2538 1 30
2539 1 22
2540 1 35
2541 1 10
2542 1 13
2543 1 13
2544 1 35
2545 1 1
2546 1 4
2547 1 25
2548 1 13
2550 1 35
2551 1 2
2552 1 10
2553 1 35
2554 1 7
2555 1 7
2556 1 10
2557 1 1
2558 1 1
2559 1 2
2560 1 20
2561 1 4
2562 1 5
2563 1 4
2564 1 30
2565 1 13
2566 1 13
2567 1 10
2568 1 30
2569 1 36
2570 1 13
2571 1 30
2572 1 1
2573 1 4
2574 1 13
2575 1 4
2576 1 13
2577 1 5
2578 1 20
2579 1 10
2580 1 5
2581 1 2
2583 1 4
2584 1 5
2585 1 36
2586 1 2
2587 1 2
2588 1 20
2589 1 1
2590 1 25
2591 1 13
2592 1 4
2593 1 30
2594 1 13
2595 1 0
2596 1 10
2597 1 7
2598 1 13
2599 1 30
2600 1 25
2601 1 4
2602 1 7
2603 1 13
2604 1 5
2605 1 6
2606 1 1
2607 1 2
2608 1 35
2610 1 4
2611 1 10
2612 1 13
2613 1 4
2614 1 13
2615 1 7
2616 1 2
2617 1 25
2618 1 13
2620 1 4
2621 1 13
2622 1 30
2623 1 2
2624 1 5
2625 1 20
2626 1 2
2627 1 20
2628 1 10
2630 1 2
2631 1 4
2633 1 6
2634 1 2
2635 1 7
2636 1 0
2637 1 25
2638 1 13
2639 1 13
2640 1 2
2641 1 2
2642 1 13
2643 1 4
2644 1 2
2645 1 2
2646 1 35
2647 1 25
2648 1 7
2649 1 1
2650 1 4
2651 1 13
2652 1 35
2653 1 2
2654 1 6
2655 1 35
2656 1 7
2657 1 7
2658 1 13
2659 1 7
2660 1 4
2661 1 30
2662 1 4
2663 1 13
2664 1 2
2665 1 6
2667 1 35
2668 1 30
2669 1 13
2670 1 1
2671 1 5
2672 1 4
2673 1 4
2674 1 25
2675 1 20
2676 1 10
2677 1 13
2679 1 0
2680 1 20
2681 1 20
2682 1 4
2684 1 6
2685 1 1
2686 1 7
2687 1 35
2688 1 13
2689 1 30
2690 1 20
2691 1 30
2692 1 2
2693 1 30
2694 1 25
2695 1 30
2696 1 13
2697 1 13
2699 1 0
2700 1 5
2701 1 10
2702 1 4
2703 1 4
2704 1 0
2705 1 25
2707 1 10
2708 1 5
2709 1 5
2710 1 25
2711 1 35
2712 1 7
2713 1 20
2714 1 10
2715 1 13
2716 1 30
2717 1 13
2718 1 30
2719 1 13
2720 1 4
2721 1 36
2722 1 30
2724 1 20
2725 1 13
2726 1 25
2727 1 35
2728 1 4
2729 1 20
2730 1 10
2731 1 0
2732 1 5
2734 1 4
2735 1 35
2736 1 5
2737 1 13
2738 1 0
2740 1 2
2741 1 20
2742 1 20
2743 1 13
2744 1 30
2745 1 2
2746 1 13
2747 1 20
2748 1 36
2749 1 13
2750 1 13
2751 1 20
2752 1 13
2753 1 1
2754 1 6
2755 1 35
2756 1 13
2757 1 10
2758 1 10
2759 1 25
2761 1 35
2763 1 7
2764 1 25
2765 1 13
2766 1 20
2767 1 25
2768 1 7
2769 1 4
2770 1 7
2771 1 0
2772 1 4
2773 1 1
2774 1 5
2775 1 25
2776 1 6
2777 1 0
2779 1 13
2780 1 25
2781 1 4
2782 1 25
2783 1 13
2784 1 25
2785 1 2
2786 1 4
2787 1 4
2788 1 5
2789 1 13
2790 1 6
2792 1 35
2793 1 4
2794 1 6
2795 1 1
2796 1 10
2797 1 4
2798 1 13
2799 1 1
2800 1 4
2801 1 30
2802 1 4
2803 1 2
2804 1 26
2805 1 4
2806 1 30
2807 1 13
2808 1 4
2810 1 13
2811 1 6
2812 1 20
2813 1 36
2814 1 5
2815 1 25
2816 1 10
2817 1 25
2818 1 4
2819 1 35
2820 1 10
2821 1 30
2822 1 30
2824 1 1
2825 1 4
2826 1 20
2827 1 30
2828 1 30
2829 1 13
2830 1 13
2831 1 0
2832 1 13
2833 1 10
2834 1 30
2835 1 2
2836 1 5
2837 1 7
2838 1 20
2839 1 20
2840 1 0
2841 1 1
2842 1 20
2843 1 35
2844 1 4
2846 1 35
2847 1 10
2848 1 13
2849 1 13
2850 1 13
2851 1 25
2852 1 7
2854 1 0
2855 1 0
2856 1 13
2857 1 13
2858 1 30
2859 1 35
2860 1 2
2861 1 13
2862 1 5
2863 1 5
2864 1 4
2865 1 6
2866 1 6
2867 1 10
2868 1 4
2869 1 1
2870 1 5
2871 1 4
2872 1 4
2873 1 10
2874 1 13
2875 1 25
2876 1 6
2877 1 4
2878 1 13
2879 1 30
2880 1 10
2881 1 13
2882 1 6
2883 1 30
2884 1 30
2885 1 13
2886 1 30
2887 1 10
2888 1 0
2889 1 13
2890 1 13
2891 1 22
2892 1 20
2893 1 4
2894 1 7
2895 1 25
2896 1 2
2898 1 2
2899 1 25
2900 1 1
2902 1 6
2903 1 25
2904 1 0
2905 1 4
2906 1 6
2907 1 20
2908 1 6
2909 1 13
2910 1 25
2911 1 25
2912 1 13
2914 1 6
2915 1 13
2916 1 7
2917 1 5
2918 1 10
2919 1 13
2920 1 4
2921 1 0
2923 1 35
2924 1 20
2925 1 25
2926 1 10
2928 1 7
2929 1 13
2930 1 13
2931 1 2
2934 1 1
2935 1 35
2936 1 4
2937 1 4
2938 1 25
2939 1 0
2940 1 13
2941 1 4
2942 1 4
2943 1 13
2944 1 2
2945 1 7
2946 1 0
2947 1 6
2948 1 0
2949 1 1
2950 1 13
2951 1 0
2952 1 30
2953 1 5
2954 1 25
2955 1 5
2956 1 13
2957 1 7
2958 1 6
2959 1 1
2960 1 13
2961 1 6
2962 1 2
2963 1 35
2964 1 6
2965 1 1
2966 1 13
2967 1 4
2968 1 4
2969 1 0
2970 1 7
2971 1 4
2972 1 0
2973 1 20
2974 1 30
2975 1 13
2976 1 1
2977 1 30
2978 1 22
2979 1 13
2980 1 30
2981 1 6
2982 1 2
2983 1 2
2984 1 25
2985 1 2
2986 1 4
2987 1 35
2988 1 20
2989 1 6
2990 1 4
2991 1 2
2992 1 7
2993 1 13
2994 1 35
2995 1 1
2996 1 13
2997 1 6
2998 1 25
2999 1 13
3000 1 30
3001 1 1
3002 1 13
3003 1 30
3004 1 20
3005 1 7
3006 1 10
3007 1 4
3008 1 20
3009 1 1
3010 1 2
3012 1 25
3013 1 0
3014 1 0
3015 1 13
3016 1 6
3017 1 10
3018 1 6
3019 1 7
3020 1 10
3021 1 0
3022 1 35
3023 1 1
3024 1 4
3025 1 30
3026 1 13
3027 1 13
3028 1 30
3029 1 10
3030 1 13
3031 1 30
3032 1 6
3033 1 13
3034 1 13
3035 1 6
3036 1 10
3037 1 5
3038 1 1
3039 1 20
3040 1 1
3042 1 2
3043 1 2
3044 1 1
3045 1 35
3046 1 35
3047 1 6
3048 1 10
3049 1 0
3050 1 35
3051 1 4
3052 1 20
3053 1 2
3054 1 30
3055 1 7
3056 1 13
3057 1 3
3058 1 13
3059 1 30
3060 1 20
3061 1 0
3062 1 5
3063 1 13
3064 1 13
3065 1 20
3067 1 6
3068 1 0
3069 1 6
3070 1 13
3071 1 0
3072 1 20
3073 1 10
3074 1 25
3075 1 4
3076 1 4
3077 1 5
3078 1 13
3079 1 10
3080 1 5
3081 1 7
3082 1 20
3083 1 30
3085 1 13
3086 1 25
3087 1 20
3088 1 5
3090 1 4
3091 1 13
3092 1 5
3093 1 6
3094 1 5
3095 1 5
3096 1 13
3097 1 20
3098 1 5
3099 1 4
3100 1 6
3101 1 10
3102 1 2
3103 1 0
3104 1 4
3106 1 1
3107 1 25
3108 1 13
3109 1 13
3110 1 2
3111 1 25
3112 1 13
3113 1 20
3114 1 25
3115 1 2
3116 1 4
3118 1 5
3119 1 1
3120 1 6
3121 1 13
3122 1 20
3123 1 0
3124 1 20
3125 1 7
3126 1 25
3128 1 7
3129 1 6
3130 1 7
3131 1 4
3132 1 30
3133 1 4
3134 1 13
3135 1 20
3136 1 20
3137 1 13
3138 1 5
3139 1 25
3140 1 2
3141 1 5
3142 1 4
3143 1 4
3144 1 35
3145 1 30
3146 1 6
3147 1 13
3148 1 10
3149 1 4
3150 1 0
3151 1 13
3152 1 20
3153 1 7
3154 1 10
3155 1 13
3156 1 0
3157 1 6
3158 1 30
3159 1 22
3160 1 13
3161 1 10
3162 1 13
3163 1 7
3164 1 1
3165 1 4
3166 1 0
3167 1 13
3168 1 5
3170 1 6
3171 1 2
3172 1 30
3173 1 7
3174 1 4
3175 1 36
3176 1 20
3177 1 2
3178 1 2
3179 1 2
3180 1 10
3181 1 1
3182 1 13
3183 1 30
3184 1 5
3185 1 30
3186 1 13
3187 1 4
3188 1 10
3189 1 13
3190 1 25
3192 1 6
3193 1 4
3194 1 25
3195 1 0
3196 1 13
3197 1 6
3198 1 30
3199 1 7
3200 1 10
3201 1 13
3203 1 4
3204 1 0
3205 1 13
3206 1 25
3207 1 0
3208 1 5
3209 1 7
3210 1 5
3211 1 30
3212 1 1
3213 1 0
3214 1 30
3215 1 5
3216 1 13
3217 1 25
3218 1 2
3219 1 6
3220 1 4
3221 1 35
3222 1 10
3223 1 1
3224 1 1
3225 1 13
3226 1 35
3227 1 22
3228 1 7
3229 1 4
3231 1 5
3232 1 5
3233 1 30
3234 1 20
3235 1 20
3236 1 30
3237 1 36
3238 1 30
3239 1 13
3240 1 30
3241 1 20
3242 1 13
3243 1 4
3244 1 7
3245 1 20
3246 1 10
3248 1 13
3249 1 2
3250 1 7
3251 1 25
3252 1 5
3253 1 6
3255 1 25
3256 1 1
3257 1 13
3258 1 25
3259 1 13
3260 1 4
3261 1 35
3262 1 2
3264 1 10
3265 1 13
3266 1 5
3267 1 13
3268 1 13
3269 1 25
3270 1 4
3271 1 5
3272 1 5
3273 1 6
3274 1 20
3276 1 0
3277 1 6
3278 1 35
3279 1 0
3280 1 10
3281 1 1
3282 1 2
3283 1 25
3284 1 1
3285 1 7
3286 1 35
3287 1 36
3288 1 30
3289 1 36
3290 1 30
3291 1 30
3292 1 25
3293 1 30
3294 1 30
3295 1 13
3296 1 30
3297 1 36
3298 1 4
3299 1 4
3300 1 0
3301 1 13
3302 1 2
3303 1 6
3304 1 2
3306 1 7
3307 1 2
3309 1 0
3310 1 4
3311 1 6
3313 1 6
3314 1 13
3315 1 25
3316 1 13
3317 1 30
3318 1 20
3319 1 2
3320 1 13
3321 1 5
3322 1 1
3323 1 13
3324 1 20
3325 1 2
3326 1 10
3327 1 20
3328 1 35
3329 1 1
3330 1 13
3331 1 35
3333 1 7
3334 1 5
3335 1 6
3336 1 1
3337 1 0
3338 1 6
3339 1 13
3340 1 30
3341 1 35
3342 1 13
3344 1 5
3345 1 10
3346 1 25
3347 1 13
3348 1 30
3349 1 10
3350 1 1
3351 1 2
3352 1 36
3353 1 1
3354 1 20
3355 1 10
3356 1 2
3357 1 4
3358 1 25
3359 1 30
3360 1 13
3361 1 2
3362 1 30
3363 1 13
3364 1 35
3365 1 30
3366 1 36
3367 1 35
3368 1 13
3369 1 25
3370 1 10
3371 1 6
3372 1 13
3373 1 6
3374 1 7
3375 1 5
3376 1 13
3377 1 25
3378 1 6
3379 1 10
3380 1 2
3381 1 20
3382 1 6
3383 1 4
3384 1 13
3385 1 6
3386 1 5
3388 1 2
3389 1 10
3390 1 13
3391 1 7
3392 1 20
3393 1 13
3394 1 30
3395 1 0
3396 1 2
3397 1 25
3398 1 13
3399 1 2
3400 1 4
3401 1 30
3402 1 4
3403 1 13
3404 1 0
3405 1 20
3406 1 2
3407 1 1
3408 1 20
3409 1 10
3410 1 7
3411 1 10
3412 1 6
3413 1 4
3414 1 30
3415 1 10
3416 1 4
3417 1 5
3418 1 35
3420 1 20
3421 1 6
3422 1 30
3423 1 13
3424 1 13
3425 1 30
3426 1 22
3427 1 30
3428 1 36
3429 1 30
3430 1 0
3431 1 13
3432 1 10
3433 1 25
3434 1 20
3435 1 6
3436 1 20
3437 1 25
3438 1 25
3439 1 10
3440 1 13
3441 1 13
3442 1 5
3444 1 2
3445 1 0
3447 1 4
3448 1 20
3449 1 7
3450 1 10
3451 1 1
3452 1 13
3453 1 13
3454 1 7
3455 1 7
3456 1 0
3457 1 10
3459 1 2
3460 1 35
3461 1 30
3462 1 30
3463 1 13
3464 1 30
3465 1 2
3466 1 1
3467 1 5
3468 1 36
3469 1 25
3470 1 7
3471 1 0
3472 1 25
3473 1 4
3474 1 20
3475 1 30
3476 1 13
3477 1 25
3478 1 2
3479 1 4
3480 1 0
3481 1 10
3482 1 13
3483 1 6
3484 1 1
3485 1 35
3486 1 30
3487 1 13
3488 1 10
3489 1 13
3490 1 13
3491 1 5
3492 1 25
3493 1 10
3494 1 5
3495 1 4
3496 1 1
3497 1 25
3498 1 13
3499 1 10
3501 1 1
3502 1 4
3503 1 0
3504 1 35
3505 1 4
3506 1 6
3507 1 25
3508 1 13
3509 1 30
3510 1 13
3511 1 4
3512 1 30
3513 1 20
3514 1 2
3515 1 20
3516 1 4
3517 1 4
3518 1 0
3519 1 4
3520 1 10
3521 1 2
3522 1 5
3523 1 13
3524 1 10
3525 1 0
3526 1 0
3527 1 13
3528 1 0
3529 1 20
3530 1 0
3531 1 13
3532 1 5
3533 1 5
3534 1 13
3535 1 30
3537 1 2
3538 1 13
3539 1 26
3540 1 6
3542 1 10
3543 1 25
3544 1 7
3545 1 25
3546 1 6
3547 1 35
3548 1 25
3549 1 20
3550 1 20
3551 1 25
3552 1 13
3553 1 5
3554 1 20
3555 1 1
3556 1 4
3557 1 36
3558 1 20
3559 1 13
3560 1 2
3561 1 20
3562 1 1
3563 1 13
3565 1 0
3566 1 6
3567 1 13
3568 1 10
3569 1 2
3570 1 25
3571 1 30
3572 1 30
3573 1 20
3574 1 13
3575 1 30
3577 1 0
3578 1 5
3579 1 13
3580 1 5
3581 1 6
3582 1 2
3583 1 7
3584 1 6
3585 1 0
3586 1 30
3587 1 6
3588 1 1
3589 1 13
3590 1 1
3591 1 10
3592 1 7
3593 1 7
3594 1 2
3595 1 2
3596 1 25
3597 1 30
3598 1 30
3599 1 6
3600 1 3
3601 1 30
3602 1 5
3603 1 1
3604 1 1
3605 1 5
3606 1 5
3607 1 13
3608 1 25
3609 1 22
3610 1 5
3611 1 0
3612 1 4
3613 1 6
3614 1 20
3615 1 7
3616 1 4
3617 1 13
3618 1 13
3620 1 20
3621 1 13
3622 1 10
3623 1 25
3624 1 1
3625 1 4
3626 1 5
3627 1 36
3628 1 13
3630 1 4
3631 1 2
3632 1 5
3633 1 36
3634 1 13
3635 1 2
3636 1 20
3637 1 10
3638 1 13
3639 1 35
3640 1 13
3641 1 2
3643 1 13
3644 1 4
3645 1 13
3646 1 1
3647 1 10
3648 1 13
3649 1 10
3650 1 20
3651 1 4
3652 1 13
3653 1 10
3654 1 6
3655 1 4
3657 1 6
3658 1 4
3659 1 0
3660 1 4
3663 1 4
3664 1 25
3665 1 13
3666 1 20
3667 1 13
3668 1 13
3669 1 1
3670 1 10
3672 1 20
3673 1 5
3675 1 35
3676 1 6
3677 1 35
3678 1 13
3679 1 1
3680 1 20
3681 1 6
3682 1 10
3683 1 1
3684 1 4
3685 1 20
3686 1 20
3687 1 13
3688 1 4
3689 1 36
3691 1 13
3692 1 7
3693 1 5
3694 1 10
3695 1 13
3696 1 13
3697 1 25
3698 1 3
3699 1 13
3700 1 7
3701 1 13
3702 1 25
3703 1 13
3704 1 25
3705 1 4
3706 1 1
3707 1 2
3708 1 1
3709 1 6
3710 1 0
3711 1 4
3713 1 13
3714 1 5
3715 1 35
3716 1 4
3717 1 35
3719 1 0
3720 1 20
3722 1 5
3723 1 5
3724 1 30
3725 1 4
3726 1 35
3727 1 1
3728 1 13
3729 1 2
3730 1 13
3731 1 13
3732 1 10
3733 1 2
3734 1 5
3735 1 20
3736 1 4
3737 1 20
3738 1 30
3739 1 4
3740 1 6
3741 1 6
3742 1 2
3743 1 1
3744 1 35
3746 1 0
3747 1 4
3748 1 2
3749 1 5
3750 1 30
3751 1 30
3752 1 30
3753 1 30
3754 1 30
3755 1 13
3756 1 20
3757 1 30
3758 1 13
3759 1 35
3760 1 13
3761 1 20
3762 1 5
3765 1 5
3766 1 2
3767 1 2
3768 1 4
3769 1 13
3770 1 20
3771 1 6
3772 1 5
3773 1 4
3774 1 6
3775 1 10
3776 1 7
3777 1 35
3778 1 2
3779 1 30
3780 1 22
3781 1 13
3782 1 36
3783 1 35
3784 1 0
3785 1 13
3786 1 25
3787 1 35
3788 1 4
3789 1 4
3790 1 30
3791 1 4
3792 1 2
3793 1 30
3794 1 5
3795 1 4
3796 1 0
3797 1 7
3798 1 4
3800 1 5
3801 1 0
3802 1 5
3803 1 25
3804 1 5
3805 1 30
3806 1 30
3807 1 25
3808 1 0
3809 1 13
3810 1 5
3811 1 6
3812 1 35
3813 1 13
3814 1 4
3815 1 2
3816 1 25
3817 1 0
3818 1 13
3819 1 20
3820 1 13
3821 1 30
3822 1 4
3823 1 6
3824 1 4
3825 1 4
3826 1 2
3827 1 7
3828 1 0
3829 1 1
3830 1 2
3831 1 0
3832 1 35
3833 1 5
3834 1 7
3835 1 0
3836 1 1
3837 1 10
3838 1 0
3839 1 5
3840 1 30
3841 1 30
3842 1 30
3843 1 30
3844 1 13
3845 1 13
3846 1 30
3847 1 30
3848 1 25
3849 1 5
3850 1 5
3851 1 0
3852 1 5
3853 1 30
3854 1 5
3855 1 10
3856 1 7
3857 1 1
3858 1 7
3859 1 5
3861 1 1
3862 1 0
3863 1 4
3864 1 5
3865 1 13
3866 1 35
3867 1 30
3868 1 13
3869 1 10
3870 1 30
3871 1 6
3872 1 30
3873 1 30
3874 1 4
3875 1 30
3876 1 1
3877 1 13
3878 1 4
3879 1 5
3880 1 4
3882 1 25
3884 1 6
3885 1 10
3886 1 13
3887 1 4
3888 1 10
3889 1 13
3890 1 25
3891 1 0
3892 1 6
3893 1 6
3894 1 5
3895 1 4
3896 1 30
3897 1 13
3898 1 30
3899 1 36
3900 1 2
3901 1 22
3902 1 4
3903 1 2
3904 1 10
3905 1 13
3906 1 13
3907 1 4
3908 1 1
3909 1 30
3910 1 6
3911 1 20
3912 1 6
3913 1 0
3914 1 13
3916 1 13
3918 1 25
3919 1 4
3920 1 0
3922 1 2
3924 1 25
3925 1 4
3926 1 2
3927 1 1
3928 1 5
3929 1 25
3930 1 13
3931 1 4
3932 1 5
3933 1 35
3934 1 10
3935 1 25
3936 1 6
3938 1 30
3939 1 4
3940 1 4
3941 1 30
3942 1 13
3943 1 13
3944 1 13
3945 1 13
3946 1 5
3947 1 0
3949 1 7
3950 1 4
3951 1 2
3952 1 30
3953 1 30
3954 1 35
3955 1 0
3956 1 20
3958 1 10
3959 1 0
3960 1 6
3961 1 2
3962 1 5
3963 1 7
3964 1 13
3965 1 4
3966 1 0
3967 1 13
3968 1 2
3969 1 10
3970 1 25
3971 1 2
3973 1 30
3974 1 30
3975 1 30
3976 1 30
3977 1 13
3978 1 13
3979 1 30
3980 1 4
3981 1 26
3982 1 13
3983 1 0
3984 1 20
3985 1 10
3986 1 25
3987 1 0
3988 1 7
3990 1 20
3991 1 20
3992 1 1
3993 1 2
3994 1 6
3995 1 20
3996 1 6
3997 1 0
3998 1 2
3999 1 30
4000 1 30
4001 1 30
4002 1 13
4003 1 30
4004 1 30
4005 1 2
4006 1 30
4007 1 22
4008 1 4
4009 1 5
4010 1 25
4011 1 13
4012 1 1
4013 1 1
4014 1 7
4015 1 5
4016 1 13
4017 1 1
4018 1 20
4019 1 35
4020 1 10
4021 1 20
4022 1 7
4023 1 25
4024 1 5
4025 1 13
4026 1 4
4027 1 13
4028 1 4
4029 1 6
4030 1 36
4032 1 2
4033 1 5
4034 1 25
4035 1 13
4036 1 4
4037 1 30
4038 1 36
4039 1 10
4040 1 10
4041 1 5
4042 1 13
4043 1 13
4044 1 10
4045 1 26
4046 1 13
4047 1 13
4048 1 2
4049 1 20
4050 1 1
4051 1 4
4053 1 20
4054 1 6
4055 1 13
4056 1 1
4057 1 35
4058 1 25
4059 1 10
4061 1 2
4062 1 35
4063 1 0
4065 1 6
4066 1 35
4067 1 13
4068 1 5
4071 1 1
4072 1 20
4073 1 1
4074 1 7
4075 1 25
4076 1 13
4077 1 30
4078 1 13
4079 1 10
4080 1 13
4081 1 20
4082 1 2
4083 1 20
4084 1 22
4085 1 10
4086 1 35
4087 1 35
4088 1 25
4089 1 30
4090 1 5
4091 1 5
4092 1 10
4093 1 25
4094 1 1
4095 1 5
4096 1 30
4097 1 36
4098 1 30
4099 1 13
4100 1 13
4101 1 30
4103 1 13
4104 1 10
4105 1 20
4106 1 1
4107 1 25
4108 1 2
4109 1 35
4110 1 5
4111 1 5
4112 1 20
4113 1 10
4114 1 1
4115 1 7
4116 1 7
4117 1 1
4118 1 5
4119 1 5
4120 1 20
4121 1 25
4122 1 30
4123 1 30
4124 1 13
4125 1 30
4126 1 13
4127 1 13
4128 1 30
4129 1 20
4130 1 35
4131 1 1
4132 1 1
4133 1 20
4134 1 25
4135 1 2
4136 1 2
4137 1 13
4138 1 2
4139 1 7
4140 1 7
4141 1 5
4142 1 13
4143 1 0
4145 1 20
4147 1 5
4148 1 1
4149 1 4
4150 1 13
4151 1 10
4152 1 6
4153 1 25
4154 1 30
4155 1 30
4156 1 13
4157 1 30
4158 1 7
4159 1 13
4160 1 13
4161 1 30
4162 1 4
4163 1 1
4164 1 5
4165 1 4
4167 1 25
4169 1 13
4170 1 20
4171 1 2
4172 1 2
4174 1 13
4175 1 1
4176 1 6
4177 1 25
4178 1 7
4179 1 35
4181 1 6
4182 1 30
4183 1 10
4184 1 2
4185 1 30
4186 1 30
4187 1 36
4188 1 13
4189 1 13
4190 1 13
4191 1 1
4192 1 20
4193 1 4
4194 1 7
4195 1 20
4196 1 13
4197 1 7
4198 1 25
4199 1 35
4200 1 13
4201 1 1
4202 1 13
4203 1 25
4204 1 2
4205 1 35
4206 1 13
4207 1 10
4208 1 6
4209 1 1
4210 1 20
4211 1 5
4212 1 0
4213 1 5
4214 1 13
4215 1 20
4216 1 1
4217 1 1
4218 1 4
4219 1 4
4220 1 35
4221 1 1
4222 1 2
4223 1 5
4224 1 30
4225 1 20
4226 1 3
4227 1 30
4228 1 25
4229 1 20
4230 1 26
4231 1 13
4232 1 6
4233 1 1
4235 1 13
4237 1 0
4238 1 20
4239 1 7
4240 1 25
4241 1 35
4242 1 2
4243 1 7
4244 1 20
4245 1 25
4246 1 25
4247 1 13
4248 1 30
4249 1 36
4250 1 4
4251 1 5
4252 1 2
4253 1 4
4254 1 30
4255 1 7
4256 1 6
4257 1 2
4258 1 4
4259 1 30
4260 1 13
4261 1 35
4262 1 36
4263 1 35
4264 1 2
4265 1 13
4266 1 20
4268 1 5
4269 1 2
4270 1 13
4271 1 36
4272 1 10
4274 1 13
4275 1 13
4277 1 36
4278 1 25
4279 1 0
4280 1 0
4281 1 10
4282 1 4
4283 1 13
4284 1 20
4285 1 20
4286 1 13
4287 1 36
4288 1 5
4289 1 5
4290 1 6
4291 1 7
4292 1 13
4293 1 30
4294 1 13
4295 1 13
4296 1 7
4297 1 35
4298 1 1
4299 1 5
4300 1 7
4301 1 1
4302 1 7
4303 1 4
4304 1 35
4305 1 6
4306 1 10
4307 1 5
4309 1 5
4310 1 20
4311 1 4
4312 1 6
4313 1 13
4314 1 13
4315 1 13
4316 1 4
4317 1 20
4318 1 6
4319 1 10
4320 1 0
4322 1 13
4323 1 0
4324 1 35
4326 1 4
4327 1 30
4328 1 0
4329 1 1
4330 1 1
4331 1 25
4332 1 25
4333 1 6
4334 1 13
4335 1 36
4336 1 1
4337 1 20
4338 1 25
4339 1 35
4340 1 10
4341 1 13
4342 1 5
4343 1 35
4344 1 1
4345 1 1
4346 1 13
4347 1 5
4348 1 13
4349 1 7
4350 1 2
4351 1 25
4352 1 13
4353 1 13
4354 1 35
4355 1 1
4356 1 7
4357 1 10
4358 1 7
4359 1 20
4360 1 2
4361 1 0
4362 1 25
4363 1 2
4364 1 2
4365 1 0
4366 1 35
4367 1 1
4368 1 20
4369 1 20
4370 1 30
4371 1 30
4372 1 6
4373 1 3
4374 1 30
4375 1 13
4376 1 4
4378 1 10
4379 1 13
4380 1 20
4381 1 2
4382 1 13
4383 1 10
4384 1 13
4385 1 7
4386 1 1
4387 1 10
4388 1 2
4389 1 20
4391 1 0
4392 1 25
4393 1 6
4394 1 30
4395 1 13
4396 1 7
4397 1 13
4398 1 30
4399 1 0
4400 1 5
4401 1 30
4402 1 10
4403 1 20
4404 1 13
4405 1 35
4406 1 35
4407 1 25
4408 1 0
4409 1 20
4410 1 6
4411 1 2
4412 1 10
4413 1 13
4414 1 25
4415 1 25
4416 1 5
4417 1 1
4418 1 7
4419 1 4
4420 1 13
4421 1 13
4422 1 35
4423 1 30
4424 1 25
4426 1 4
4427 1 5
4428 1 35
4429 1 2
4430 1 20
4431 1 2
4432 1 1
4433 1 6
4434 1 5
4435 1 13
4436 1 25
4438 1 6
4439 1 10
4441 1 0
4442 1 20
4443 1 25
4444 1 13
4445 1 30
4446 1 13
4447 1 0
4448 1 4
4449 1 5
4450 1 13
4451 1 25
4452 1 7
4453 1 20
4454 1 1
4455 1 0
4456 1 20
4457 1 6
4458 1 2
4459 1 0
4460 1 20
4461 1 10
4462 1 35
4464 1 1
4466 1 25
4467 1 4
4468 1 13
4469 1 13
4470 1 13
4471 1 1
4472 1 7
4473 1 13
4474 1 1
4475 1 4
4476 1 4
4477 1 5
4478 1 6
4479 1 20
4480 1 7
4481 1 0
4482 1 0
4483 1 35
4484 1 1
4485 1 35
4486 1 6
4487 1 13
4488 1 25
4489 1 4
4490 1 30
4491 1 30
4492 1 20
4493 1 13
4494 1 13
4495 1 30
4496 1 0
4497 1 5
4498 1 25
4499 1 10
4500 1 20
4501 1 13
4502 1 0
4503 1 1
4504 1 7
4505 1 7
4506 1 25
4507 1 0
4508 1 4
4509 1 4
4510 1 13
4511 1 20
4512 1 35
4513 1 1
4514 1 13
4515 1 7
4517 1 2
4518 1 2
4519 1 25
4520 1 20
4521 1 30
4522 1 4
4523 1 30
4524 1 13
4525 1 10
4526 1 5
4527 1 7
4528 1 2
4529 1 35
4530 1 4
4531 1 4
4532 1 13
4533 1 4
4534 1 25
4535 1 13
4536 1 4
4537 1 25
4538 1 0
4539 1 4
4540 1 13
4541 1 6
4542 1 2
4543 1 25
4544 1 0
4545 1 10
4546 1 0
4547 1 4
4548 1 2
4549 1 2
4550 1 13
4551 1 13
4552 1 1
4553 1 25
4554 1 7
4555 1 25
4556 1 7
4557 1 13
4558 1 0
4559 1 30
4560 1 4
4561 1 4
4562 1 30
4563 1 7
4564 1 7
4565 1 4
4566 1 2
4567 1 0
4568 1 25
4569 1 7
4570 1 7
4571 1 20
4572 1 13
4573 1 30
4574 1 36
4575 1 1
4576 1 25
4577 1 25
4578 1 5
4579 1 10
4580 1 20
4581 1 6
4582 1 30
4583 1 13
4584 1 30
4585 1 0
4586 1 30
4587 1 4
4588 1 30
4589 1 25
4590 1 13
4591 1 10
4592 1 13
4593 1 2
4595 1 6
4596 1 20
4597 1 5
4598 1 25
4599 1 10
4600 1 13
4601 1 6
4602 1 1
4603 1 5
4604 1 4
4605 1 25
4606 1 2
4607 1 0
4608 1 4
4609 1 13
4610 1 13
4611 1 13
4612 1 1
4613 1 1
4614 1 35
4615 1 1
4616 1 13
4617 1 7
4618 1 4
4619 1 35
4620 1 1
4621 1 6
4622 1 13
4623 1 20
4624 1 7
4625 1 10
4626 1 6
4628 1 0
4629 1 0
4630 1 5
4631 1 30
4632 1 5
4633 1 35
4634 1 30
4635 1 13
4636 1 13
4637 1 5
4638 1 13
4639 1 25
4640 1 13
4642 1 7
4643 1 2
4644 1 0
4647 1 13
4648 1 7
4649 1 10
4650 1 1
4651 1 0
4652 1 20
4653 1 35
4654 1 5
4656 1 25
4658 1 6
4659 1 2
4660 1 4
4661 1 13
4662 1 22
4663 1 30
4664 1 35
4665 1 2
4666 1 13
4667 1 10
4668 1 4
4669 1 13
4670 1 4
4671 1 36
4672 1 10
4673 1 35
4674 1 2
4675 1 25
4676 1 4
4677 1 30
4678 1 30
4679 1 20
4680 1 5
4681 1 7
4682 1 4
4683 1 13
4684 1 30
4685 1 4
4687 1 2
4688 1 20
4689 1 13
4690 1 30
4691 1 4
4692 1 0
4693 1 35
4694 1 2
4695 1 20
4696 1 7
4697 1 10
4698 1 25
4699 1 13
4700 1 0
4701 1 10
4702 1 20
4704 1 13
4705 1 30
4706 1 25
4707 1 10
4708 1 35
4709 1 0
4710 1 30
4711 1 13
4712 1 30
4713 1 25
4714 1 25
4715 1 13
4717 1 6
4718 1 22
4719 1 30
4720 1 35
4721 1 20
4722 1 4
4723 1 0
4724 1 7
4725 1 0
4726 1 20
4727 1 5
4728 1 20
4729 1 0
4730 1 5
4731 1 4
4732 1 25
4733 1 30
4734 1 30
4735 1 20
4736 1 1
4738 1 20
4739 1 13
4740 1 30
4741 1 13
4742 1 20
4743 1 13
4744 1 6
4745 1 4
4746 1 5
4747 1 25
4748 1 35
4749 1 2
4750 1 7
4751 1 7
4752 1 13
4753 1 6
4754 1 1
4755 1 5
4756 1 10
4757 1 10
4758 1 13
4759 1 20
4760 1 35
4761 1 7
4762 1 13
4763 1 20
4764 1 4
4765 1 13
4766 1 0
4767 1 35
4768 1 5
4769 1 13
4770 1 20
4771 1 6
4772 1 13
4773 1 30
4774 1 35
4775 1 20
4776 1 0
4778 1 25
4779 1 6
4780 1 2
4781 1 20
4782 1 6
4783 1 25
4784 1 5
4786 1 10
4787 1 20
4788 1 25
4789 1 7
4790 1 25
4791 1 7
4792 1 0
4793 1 13
4794 1 35
4795 1 3
4796 1 4
4797 1 22
4798 1 30
4799 1 20
4800 1 13
4801 1 30
4802 1 13
4803 1 10
4804 1 7
4805 1 25
4806 1 0
4807 1 35
4808 1 0
4809 1 2
4810 1 0
4811 1 13
4812 1 13
4813 1 30
4814 1 10
4815 1 1
4816 1 1
4817 1 2
4818 1 2
4819 1 7
4820 1 25
4821 1 20
4822 1 6
4823 1 35
4824 1 5
4826 1 0
4827 1 25
4828 1 13
4829 1 25
4830 1 25
4831 1 13
4832 1 4
4833 1 5
4834 1 5
4835 1 4
4836 1 35
4837 1 5
4838 1 5
4839 1 1
4840 1 20
4841 1 0
4842 1 2
4843 1 7
4845 1 0
4846 1 13
4847 1 13
4848 1 36
4849 1 13
4850 1 13
4851 1 4
4852 1 20
4853 1 4
4854 1 0
4855 1 35
4857 1 5
4858 1 2
4859 1 20
4860 1 5
4861 1 6
4862 1 6
4863 1 4
4864 1 35
4865 1 5
4866 1 13
4868 1 7
4869 1 4
4870 1 4
4871 1 36
4872 1 13
4873 1 1
4874 1 30
4875 1 20
4876 1 13
4877 1 13
4878 1 30
4879 1 2
4881 1 13
4882 1 0
4883 1 35
4884 1 1
4885 1 4
4886 1 36
4887 1 7
4888 1 1
4889 1 7
4891 1 4
4892 1 5
4893 1 5
4894 1 25
4895 1 35
4897 1 6
4898 1 20
4899 1 13
4900 1 30
4901 1 4
4902 1 0
4903 1 2
4904 1 13
4905 1 25
4906 1 13
4907 1 13
4908 1 20
4909 1 5
4910 1 1
4911 1 20
4912 1 0
4913 1 5
4914 1 0
4915 1 1
4916 1 6
4917 1 7
4918 1 2
4919 1 10
4920 1 1
4921 1 25
4922 1 7
4923 1 1
4924 1 1
4925 1 30
4926 1 20
4927 1 13
4928 1 5
4929 1 3
4930 1 30
4931 1 10
4932 1 13
4933 1 2
4934 1 0
4935 1 35
4936 1 30
4937 1 13
4938 1 4
4939 1 5
4940 1 6
4941 1 4
4942 1 6
4943 1 4
4944 1 1
4945 1 6
4946 1 13
4947 1 5
4949 1 13
4950 1 13
4951 1 6
4952 1 20
4953 1 4
4954 1 7
4955 1 6
4956 1 20
4957 1 0
4958 1 13
4959 1 4
4960 1 20
4961 1 4
4962 1 35
4963 1 2
4964 1 1
4965 1 2
4966 1 35
4967 1 4
4968 1 13
4969 1 30
4970 1 13
4971 1 20
4972 1 10
4973 1 6
4974 1 0
4975 1 0
4976 1 13
4977 1 35
4978 1 4
4980 1 1
4981 1 13
4982 1 5
4983 1 36
4984 1 2
4985 1 35
4986 1 13
4987 1 2
4988 1 25
4989 1 1
4990 1 5
4991 1 10
4992 1 13
4994 1 10
4995 1 13
4996 1 13
4998 1 1